This is XeTeX, Version 3.14159265-2.6-0.999992 (TeX Live 2020/W32TeX) (preloaded format=xelatex 2020.11.13)  13 NOV 2020 12:31
entering extended mode
 restricted \write18 enabled.
 %&-line parsing enabled.
**FY20_Online_Application_Flow_Census10-15-2020.tex
(./FY20_Online_Application_Flow_Census10-15-2020.tex
LaTeX2e <2020-10-01> patch level 2
L3 programming layer <2020-10-27> xparse <2020-03-03>
(c:/Users/christine.iyer/AppData/Roaming/TinyTeX/texmf-dist/tex/latex/tufte-lat
ex/tufte-handout.cls
Document Class: tufte-handout 2015/06/21 v3.5.2 Tufte-handout class

(c:/Users/christine.iyer/AppData/Roaming/TinyTeX/texmf-dist/tex/latex/tufte-lat
ex/tufte-common.def
File: tufte-common.def 2015/06/21 v3.5.2 Common code for the Tufte-LaTeX styles


(c:/Users/christine.iyer/AppData/Roaming/TinyTeX/texmf-dist/tex/latex/xkeyval/x
keyval.sty
Package: xkeyval 2014/12/03 v2.7a package option processing (HA)

(c:/Users/christine.iyer/AppData/Roaming/TinyTeX/texmf-dist/tex/generic/xkeyval
/xkeyval.tex
(c:/Users/christine.iyer/AppData/Roaming/TinyTeX/texmf-dist/tex/generic/xkeyval
/xkvutils.tex
\XKV@toks=\toks15
\XKV@tempa@toks=\toks16

(c:/Users/christine.iyer/AppData/Roaming/TinyTeX/texmf-dist/tex/generic/xkeyval
/keyval.tex))
\XKV@depth=\count171
File: xkeyval.tex 2014/12/03 v2.7a key=value parser (HA)
))
(c:/Users/christine.iyer/AppData/Roaming/TinyTeX/texmf-dist/tex/latex/xifthen/x
ifthen.sty
Package: xifthen 2015/11/05 v1.4.0 Extended ifthen features

(c:/Users/christine.iyer/AppData/Roaming/TinyTeX/texmf-dist/tex/latex/tools/cal
c.sty
Package: calc 2017/05/25 v4.3 Infix arithmetic (KKT,FJ)
\calc@Acount=\count172
\calc@Bcount=\count173
\calc@Adimen=\dimen138
\calc@Bdimen=\dimen139
\calc@Askip=\skip47
\calc@Bskip=\skip48
LaTeX Info: Redefining \setlength on input line 80.
LaTeX Info: Redefining \addtolength on input line 81.
\calc@Ccount=\count174
\calc@Cskip=\skip49
)
(c:/Users/christine.iyer/AppData/Roaming/TinyTeX/texmf-dist/tex/latex/base/ifth
en.sty
Package: ifthen 2014/09/29 v1.1c Standard LaTeX ifthen package (DPC)
)
(c:/Users/christine.iyer/AppData/Roaming/TinyTeX/texmf-dist/tex/latex/ifmtarg/i
fmtarg.sty
Package: ifmtarg 2018/04/16 v1.2b check for an empty argument
))
(c:/Users/christine.iyer/AppData/Roaming/TinyTeX/texmf-dist/tex/latex/hardwrap/
hardwrap.sty
Package: hardwrap 2011/02/12 v0.2 Hard wrap messages

(c:/Users/christine.iyer/AppData/Roaming/TinyTeX/texmf-dist/tex/latex/ifplatfor
m/ifplatform.sty
Package: ifplatform 2017/10/13 v0.4a Testing for the operating system

(c:/Users/christine.iyer/AppData/Roaming/TinyTeX/texmf-dist/tex/latex/tools/she
llesc.sty
Package: shellesc 2019/11/08 v1.0c unified shell escape interface for LaTeX
Package shellesc Info: Restricted shell escape enabled on input line 77.
)
(c:/Users/christine.iyer/AppData/Roaming/TinyTeX/texmf-dist/tex/generic/pdftexc
mds/pdftexcmds.sty
Package: pdftexcmds 2020-06-27 v0.33 Utility functions of pdfTeX for LuaTeX (HO
)

(c:/Users/christine.iyer/AppData/Roaming/TinyTeX/texmf-dist/tex/generic/infware
rr/infwarerr.sty
Package: infwarerr 2019/12/03 v1.5 Providing info/warning/error messages (HO)
)
(c:/Users/christine.iyer/AppData/Roaming/TinyTeX/texmf-dist/tex/generic/iftex/i
ftex.sty
Package: iftex 2020/03/06 v1.0d TeX engine tests
)
(c:/Users/christine.iyer/AppData/Roaming/TinyTeX/texmf-dist/tex/generic/ltxcmds
/ltxcmds.sty
Package: ltxcmds 2020-05-10 v1.25 LaTeX kernel commands for general use (HO)
)
Package pdftexcmds Info: \pdf@primitive is available.
Package pdftexcmds Info: \pdf@ifprimitive is available.
Package pdftexcmds Info: \pdfdraftmode not found.
)
(c:/Users/christine.iyer/AppData/Roaming/TinyTeX/texmf-dist/tex/generic/catchfi
le/catchfile.sty
Package: catchfile 2019/12/09 v1.8 Catch the contents of a file (HO)

(c:/Users/christine.iyer/AppData/Roaming/TinyTeX/texmf-dist/tex/generic/etexcmd
s/etexcmds.sty
Package: etexcmds 2019/12/15 v1.7 Avoid name clashes with e-TeX commands (HO)
))
(c:/Users/christine.iyer/AppData/Roaming/TinyTeX/texmf-dist/tex/generic/iftex/i
fluatex.sty
Package: ifluatex 2019/10/25 v1.5 ifluatex legacy package. Use iftex instead.
)

Package ifplatform Warning: 
    shell escape is disabled, so I can only detect \ifwindows.

)
(c:/Users/christine.iyer/AppData/Roaming/TinyTeX/texmf-dist/tex/generic/iftex/i
fxetex.sty
Package: ifxetex 2019/10/25 v0.7 ifxetex legacy package. Use iftex instead.
)
\hw@charcount=\count175
\hw@wordcount=\count176
\hw@maxprintline=\count177
)
Class tufte-handout Info: Loading the base class `article'

(c:/Users/christine.iyer/AppData/Roaming/TinyTeX/texmf-dist/tex/latex/base/arti
cle.cls
Document Class: article 2020/04/10 v1.4m Standard LaTeX document class

(c:/Users/christine.iyer/AppData/Roaming/TinyTeX/texmf-dist/tex/latex/base/size
10.clo
File: size10.clo 2020/04/10 v1.4m Standard LaTeX file (size option)
)
\c@part=\count178
\c@section=\count179
\c@subsection=\count180
\c@subsubsection=\count181
\c@paragraph=\count182
\c@subparagraph=\count183
\c@figure=\count184
\c@table=\count185
\abovecaptionskip=\skip50
\belowcaptionskip=\skip51
\bibindent=\dimen140
)
(c:/Users/christine.iyer/AppData/Roaming/TinyTeX/texmf-dist/tex/generic/iftex/i
fpdf.sty
Package: ifpdf 2019/10/25 v3.4 ifpdf legacy package. Use iftex instead.
)
(c:/Users/christine.iyer/AppData/Roaming/TinyTeX/texmf-dist/tex/xelatex/xltxtra
/xltxtra.sty
Package: xltxtra 2018/12/31 v0.7 Improvements for the "XeLaTeX" format

(c:/Users/christine.iyer/AppData/Roaming/TinyTeX/texmf-dist/tex/latex/fontspec/
fontspec.sty
(c:/Users/christine.iyer/AppData/Roaming/TinyTeX/texmf-dist/tex/latex/l3package
s/xparse/xparse.sty
(c:/Users/christine.iyer/AppData/Roaming/TinyTeX/texmf-dist/tex/latex/l3kernel/
expl3.sty
Package: expl3 2020-10-27 L3 programming layer (loader) 

(c:/Users/christine.iyer/AppData/Roaming/TinyTeX/texmf-dist/tex/latex/l3backend
/l3backend-xetex.def
File: l3backend-xetex.def 2020-09-24 L3 backend support: XeTeX
\g__graphics_track_int=\count186
\l__pdf_internal_box=\box47
\g__pdf_backend_object_int=\count187
\g__pdf_backend_annotation_int=\count188
))
Package: xparse 2020-10-27 L3 Experimental document command parser

(c:/Users/christine.iyer/AppData/Roaming/TinyTeX/texmf-dist/tex/latex/l3package
s/xparse/xparse-generic.tex))
Package: fontspec 2020/02/21 v2.7i Font selection for XeLaTeX and LuaLaTeX

(c:/Users/christine.iyer/AppData/Roaming/TinyTeX/texmf-dist/tex/latex/fontspec/
fontspec-xetex.sty
Package: fontspec-xetex 2020/02/21 v2.7i Font selection for XeLaTeX and LuaLaTe
X
\l__fontspec_script_int=\count189
\l__fontspec_language_int=\count190
\l__fontspec_strnum_int=\count191
\l__fontspec_tmp_int=\count192
\l__fontspec_tmpa_int=\count193
\l__fontspec_tmpb_int=\count194
\l__fontspec_tmpc_int=\count195
\l__fontspec_em_int=\count196
\l__fontspec_emdef_int=\count197
\l__fontspec_strong_int=\count198
\l__fontspec_strongdef_int=\count199
\l__fontspec_tmpa_dim=\dimen141
\l__fontspec_tmpb_dim=\dimen142
\l__fontspec_tmpc_dim=\dimen143

(c:/Users/christine.iyer/AppData/Roaming/TinyTeX/texmf-dist/tex/latex/base/font
enc.sty
Package: fontenc 2020/08/10 v2.0s Standard LaTeX package
)
(c:/Users/christine.iyer/AppData/Roaming/TinyTeX/texmf-dist/tex/latex/fontspec/
fontspec.cfg)))
(c:/Users/christine.iyer/AppData/Roaming/TinyTeX/texmf-dist/tex/latex/realscrip
ts/realscripts.sty
Package: realscripts 2016/02/13 v0.3d Access OpenType subscripts and superscrip
ts
\subsupersep=\dimen144
)
(c:/Users/christine.iyer/AppData/Roaming/TinyTeX/texmf-dist/tex/latex/metalogo/
metalogo.sty
Package: metalogo 2010/05/29 v0.12 Extended TeX logo macros

(c:/Users/christine.iyer/AppData/Roaming/TinyTeX/texmf-dist/tex/latex/graphics/
graphicx.sty
Package: graphicx 2020/09/09 v1.2b Enhanced LaTeX Graphics (DPC,SPQR)

(c:/Users/christine.iyer/AppData/Roaming/TinyTeX/texmf-dist/tex/latex/graphics/
graphics.sty
Package: graphics 2020/08/30 v1.4c Standard LaTeX Graphics (DPC,SPQR)

(c:/Users/christine.iyer/AppData/Roaming/TinyTeX/texmf-dist/tex/latex/graphics/
trig.sty
Package: trig 2016/01/03 v1.10 sin cos tan (DPC)
)
(c:/Users/christine.iyer/AppData/Roaming/TinyTeX/texmf-dist/tex/latex/graphics-
cfg/graphics.cfg
File: graphics.cfg 2016/06/04 v1.11 sample graphics configuration
)
Package graphics Info: Driver file: xetex.def on input line 105.

(c:/Users/christine.iyer/AppData/Roaming/TinyTeX/texmf-dist/tex/latex/graphics-
def/xetex.def
File: xetex.def 2020/08/26 v5.0i Graphics/color driver for xetex
))
\Gin@req@height=\dimen145
\Gin@req@width=\dimen146
)
\xl@everylogo=\toks17
\xl@@everylogo=\toks18
LaTeX Info: Redefining \TeX on input line 193.
LaTeX Info: Redefining \LaTeX on input line 202.
LaTeX Info: Redefining \LaTeXe on input line 219.
)
\l__xetex_show_hyphens_wrapping_box=\box48
\l__xetex_show_hyphens_temp_box=\box49
\l__xetex_show_hyphens_final_box=\box50
\g__xetex_show_hyphens_word_box=\box51
)
(c:/Users/christine.iyer/AppData/Roaming/TinyTeX/texmf-dist/tex/latex/titlesec/
titlesec.sty
Package: titlesec 2019/10/16 v2.13 Sectioning titles
\ttl@box=\box52
\beforetitleunit=\skip52
\aftertitleunit=\skip53
\ttl@plus=\dimen147
\ttl@minus=\dimen148
\ttl@toksa=\toks19
\titlewidth=\dimen149
\titlewidthlast=\dimen150
\titlewidthfirst=\dimen151
)
(c:/Users/christine.iyer/AppData/Roaming/TinyTeX/texmf-dist/tex/latex/titlesec/
titletoc.sty
Package: titletoc 2019/10/16 v2.13 TOC entries
\ttl@leftsep=\dimen152
)
(c:/Users/christine.iyer/AppData/Roaming/TinyTeX/texmf-dist/tex/latex/hyperref/
hyperref.sty
Package: hyperref 2020-05-15 v7.00e Hypertext links for LaTeX

(c:/Users/christine.iyer/AppData/Roaming/TinyTeX/texmf-dist/tex/generic/kvsetke
ys/kvsetkeys.sty
Package: kvsetkeys 2019/12/15 v1.18 Key value parser (HO)
)
(c:/Users/christine.iyer/AppData/Roaming/TinyTeX/texmf-dist/tex/generic/kvdefin
ekeys/kvdefinekeys.sty
Package: kvdefinekeys 2019-12-19 v1.6 Define keys (HO)
)
(c:/Users/christine.iyer/AppData/Roaming/TinyTeX/texmf-dist/tex/generic/pdfesca
pe/pdfescape.sty
Package: pdfescape 2019/12/09 v1.15 Implements pdfTeX's escape features (HO)
)
(c:/Users/christine.iyer/AppData/Roaming/TinyTeX/texmf-dist/tex/latex/hycolor/h
ycolor.sty
Package: hycolor 2020-01-27 v1.10 Color options for hyperref/bookmark (HO)
)
(c:/Users/christine.iyer/AppData/Roaming/TinyTeX/texmf-dist/tex/latex/letltxmac
ro/letltxmacro.sty
Package: letltxmacro 2019/12/03 v1.6 Let assignment for LaTeX macros (HO)
)
(c:/Users/christine.iyer/AppData/Roaming/TinyTeX/texmf-dist/tex/latex/auxhook/a
uxhook.sty
Package: auxhook 2019-12-17 v1.6 Hooks for auxiliary files (HO)
)
(c:/Users/christine.iyer/AppData/Roaming/TinyTeX/texmf-dist/tex/latex/kvoptions
/kvoptions.sty
Package: kvoptions 2020-10-07 v3.14 Key value format for package options (HO)
)
\@linkdim=\dimen153
\Hy@linkcounter=\count266
\Hy@pagecounter=\count267

(c:/Users/christine.iyer/AppData/Roaming/TinyTeX/texmf-dist/tex/latex/hyperref/
pd1enc.def
File: pd1enc.def 2020-05-15 v7.00e Hyperref: PDFDocEncoding definition (HO)
)
(c:/Users/christine.iyer/AppData/Roaming/TinyTeX/texmf-dist/tex/generic/intcalc
/intcalc.sty
Package: intcalc 2019/12/15 v1.3 Expandable calculations with integers (HO)
)
\Hy@SavedSpaceFactor=\count268
Package hyperref Info: Option `unicode' set `true' on input line 4338.

(c:/Users/christine.iyer/AppData/Roaming/TinyTeX/texmf-dist/tex/latex/hyperref/
puenc.def
File: puenc.def 2020-05-15 v7.00e Hyperref: PDF Unicode definition (HO)
)
Package hyperref Info: Option `hyperfootnotes' set `false' on input line 4338.
Package hyperref Info: Hyper figures OFF on input line 4464.
Package hyperref Info: Link nesting OFF on input line 4469.
Package hyperref Info: Hyper index ON on input line 4472.
Package hyperref Info: Plain pages OFF on input line 4479.
Package hyperref Info: Backreferencing OFF on input line 4484.
Package hyperref Info: Implicit mode ON; LaTeX internals redefined.
Package hyperref Info: Bookmarks ON on input line 4717.
\c@Hy@tempcnt=\count269

(c:/Users/christine.iyer/AppData/Roaming/TinyTeX/texmf-dist/tex/latex/url/url.s
ty
\Urlmuskip=\muskip16
Package: url 2013/09/16  ver 3.4  Verb mode for urls, etc.
)
LaTeX Info: Redefining \url on input line 5076.
\XeTeXLinkMargin=\dimen154

(c:/Users/christine.iyer/AppData/Roaming/TinyTeX/texmf-dist/tex/generic/bitset/
bitset.sty
Package: bitset 2019/12/09 v1.3 Handle bit-vector datatype (HO)

(c:/Users/christine.iyer/AppData/Roaming/TinyTeX/texmf-dist/tex/generic/bigintc
alc/bigintcalc.sty
Package: bigintcalc 2019/12/15 v1.5 Expandable calculations on big integers (HO
)
))
\Fld@menulength=\count270
\Field@Width=\dimen155
\Fld@charsize=\dimen156
Package hyperref Info: Hyper figures OFF on input line 6347.
Package hyperref Info: Link nesting OFF on input line 6352.
Package hyperref Info: Hyper index ON on input line 6355.
Package hyperref Info: backreferencing OFF on input line 6362.
Package hyperref Info: Link coloring OFF on input line 6367.
Package hyperref Info: Link coloring with OCG OFF on input line 6372.
Package hyperref Info: PDF/A mode OFF on input line 6377.
LaTeX Info: Redefining \ref on input line 6417.
LaTeX Info: Redefining \pageref on input line 6421.

(c:/Users/christine.iyer/AppData/Roaming/TinyTeX/texmf-dist/tex/latex/base/atbe
gshi-ltx.sty
Package: atbegshi-ltx 2020/08/17 v1.0a Emulation of the original atbegshi packa
ge
with kernel methods
)
\Hy@abspage=\count271
\c@Item=\count272
)
Package hyperref Info: Driver: hxetex.

(c:/Users/christine.iyer/AppData/Roaming/TinyTeX/texmf-dist/tex/latex/hyperref/
hxetex.def
File: hxetex.def 2020-05-15 v7.00e Hyperref driver for XeTeX

(c:/Users/christine.iyer/AppData/Roaming/TinyTeX/texmf-dist/tex/generic/stringe
nc/stringenc.sty
Package: stringenc 2019/11/29 v1.12 Convert strings between diff. encodings (HO
)
)
\pdfm@box=\box53
\c@Hy@AnnotLevel=\count273
\HyField@AnnotCount=\count274
\Fld@listcount=\count275
\c@bookmark@seq@number=\count276

(c:/Users/christine.iyer/AppData/Roaming/TinyTeX/texmf-dist/tex/latex/rerunfile
check/rerunfilecheck.sty
Package: rerunfilecheck 2019/12/05 v1.9 Rerun checks for auxiliary files (HO)

(c:/Users/christine.iyer/AppData/Roaming/TinyTeX/texmf-dist/tex/latex/base/atve
ryend-ltx.sty
Package: atveryend-ltx 2020/08/19 v1.0a Emulation of the original atvery packag
e
with kernel methods
)
(c:/Users/christine.iyer/AppData/Roaming/TinyTeX/texmf-dist/tex/generic/uniquec
ounter/uniquecounter.sty
Package: uniquecounter 2019/12/15 v1.4 Provide unlimited unique counter (HO)
)
Package uniquecounter Info: New unique counter `rerunfilecheck' on input line 2
86.
)
\Hy@SectionHShift=\skip54
)
(c:/Users/christine.iyer/AppData/Roaming/TinyTeX/texmf-dist/tex/latex/ragged2e/
ragged2e.sty
Package: ragged2e 2019/07/28 v2.2 ragged2e Package (MS)

(c:/Users/christine.iyer/AppData/Roaming/TinyTeX/texmf-dist/tex/latex/ms/everys
el.sty
Package: everysel 2011/10/28 v1.2 EverySelectfont Package (MS)
)
\CenteringLeftskip=\skip55
\RaggedLeftLeftskip=\skip56
\RaggedRightLeftskip=\skip57
\CenteringRightskip=\skip58
\RaggedLeftRightskip=\skip59
\RaggedRightRightskip=\skip60
\CenteringParfillskip=\skip61
\RaggedLeftParfillskip=\skip62
\RaggedRightParfillskip=\skip63
\JustifyingParfillskip=\skip64
\CenteringParindent=\skip65
\RaggedLeftParindent=\skip66
\RaggedRightParindent=\skip67
\JustifyingParindent=\skip68
)
(c:/Users/christine.iyer/AppData/Roaming/TinyTeX/texmf-dist/tex/latex/geometry/
geometry.sty
Package: geometry 2020/01/02 v5.9 Page Geometry

(c:/Users/christine.iyer/AppData/Roaming/TinyTeX/texmf-dist/tex/generic/iftex/i
fvtex.sty
Package: ifvtex 2019/10/25 v1.7 ifvtex legacy package. Use iftex instead.
)
\Gm@cnth=\count277
\Gm@cntv=\count278
\c@Gm@tempcnt=\count279
\Gm@bindingoffset=\dimen157
\Gm@wd@mp=\dimen158
\Gm@odd@mp=\dimen159
\Gm@even@mp=\dimen160
\Gm@layoutwidth=\dimen161
\Gm@layoutheight=\dimen162
\Gm@layouthoffset=\dimen163
\Gm@layoutvoffset=\dimen164
\Gm@dimlist=\toks20
)
(c:/Users/christine.iyer/AppData/Roaming/TinyTeX/texmf-dist/tex/latex/changepag
e/changepage.sty
Package: changepage 2009/10/20 v1.0c check page and change page layout
\c@cp@cntr=\count280
\cp@tempcnt=\count281
)
\@tufte@overhang=\skip69
\@tufte@fullwidth=\skip70
\@tufte@caption@fill=\skip71

(c:/Users/christine.iyer/AppData/Roaming/TinyTeX/texmf-dist/tex/latex/paralist/
paralist.sty
Package: paralist 2017/01/22 v2.7 Extended list environments
\pltopsep=\skip72
\plpartopsep=\skip73
\plitemsep=\skip74
\plparsep=\skip75
\pl@lab=\toks21
)
(c:/Users/christine.iyer/AppData/Roaming/TinyTeX/texmf-dist/tex/latex/textcase/
textcase.sty
Package: textcase 2019/09/14 v1.00 Text only upper/lower case changing (DPC)
)
(c:/Users/christine.iyer/AppData/Roaming/TinyTeX/texmf-dist/tex/generic/soul/so
ul.sty
Package: soul 2003/11/17 v2.4 letterspacing/underlining (mf)
\SOUL@word=\toks22
\SOUL@lasttoken=\toks23
\SOUL@cmds=\toks24
\SOUL@buffer=\toks25
\SOUL@token=\toks26
\SOUL@spaceskip=\skip76
\SOUL@ttwidth=\dimen165
\SOUL@uldp=\dimen166
\SOUL@ulht=\dimen167
)
LaTeX Info: Redefining \allcapsspacing on input line 737.
LaTeX Info: Redefining \smallcapsspacing on input line 737.

(c:/Users/christine.iyer/AppData/Roaming/TinyTeX/texmf-dist/tex/latex/setspace/
setspace.sty
Package: setspace 2011/12/19 v6.7a set line spacing
)
(c:/Users/christine.iyer/AppData/Roaming/TinyTeX/texmf-dist/tex/latex/xcolor/xc
olor.sty
Package: xcolor 2016/05/11 v2.12 LaTeX color extensions (UK)

(c:/Users/christine.iyer/AppData/Roaming/TinyTeX/texmf-dist/tex/latex/graphics-
cfg/color.cfg
File: color.cfg 2016/01/02 v1.6 sample color configuration
)
Package xcolor Info: Package option `usenames' ignored on input line 216.
Package xcolor Info: Driver file: xetex.def on input line 225.
Package xcolor Info: Model `cmy' substituted by `cmy0' on input line 1348.
Package xcolor Info: Model `RGB' extended on input line 1364.
Package xcolor Info: Model `HTML' substituted by `rgb' on input line 1366.
Package xcolor Info: Model `Hsb' substituted by `hsb' on input line 1367.
Package xcolor Info: Model `tHsb' substituted by `hsb' on input line 1368.
Package xcolor Info: Model `HSB' substituted by `hsb' on input line 1369.
Package xcolor Info: Model `Gray' substituted by `gray' on input line 1370.
Package xcolor Info: Model `wave' substituted by `hsb' on input line 1371.

(c:/Users/christine.iyer/AppData/Roaming/TinyTeX/texmf-dist/tex/latex/graphics/
dvipsnam.def
File: dvipsnam.def 2016/06/17 v3.0m Driver-dependent file (DPC,SPQR)
)
(c:/Users/christine.iyer/AppData/Roaming/TinyTeX/texmf-dist/tex/latex/xcolor/sv
gnam.def
File: svgnam.def 2016/05/11 v2.12 Predefined colors according to SVG 1.1 (UK)
))
(c:/Users/christine.iyer/AppData/Roaming/TinyTeX/texmf-dist/tex/latex/natbib/na
tbib.sty
Package: natbib 2010/09/13 8.31b (PWD, AO)
\bibhang=\skip77
\bibsep=\skip78
LaTeX Info: Redefining \cite on input line 694.
\c@NAT@ctr=\count282
)
(c:/Users/christine.iyer/AppData/Roaming/TinyTeX/texmf-dist/tex/latex/natbib/bi
bentry.sty
Package: bibentry 2007/10/30 1.5 (PWD)
)
No file FY20_Online_Application_Flow_Census10-15-2020.bbl.
\c@@tufte@num@bibkeys=\count283

(c:/Users/christine.iyer/AppData/Roaming/TinyTeX/texmf-dist/tex/latex/sauerj/op
tparams.sty
Package: optparams 2004/08/14 v0.9 multiple optional parameters in macros
)
\@tufte@sidenote@vertical@offset=\skip79

(c:/Users/christine.iyer/AppData/Roaming/TinyTeX/texmf-dist/tex/latex/placeins/
placeins.sty
Package: placeins 2005/04/18  v 2.2
)
\@tufte@margin@floatbox=\box54
\@tufte@figure@box=\box55
\@tufte@caption@box=\box56
\@tufte@caption@vertical@offset=\skip80
\@tufte@float@contents@width=\skip81

(c:/Users/christine.iyer/AppData/Roaming/TinyTeX/texmf-dist/tex/latex/fancyhdr/
fancyhdr.sty
Package: fancyhdr 2019/01/31 v3.10 Extensive control of page headers and footer
s
\f@nch@headwidth=\skip82
\f@nch@O@elh=\skip83
\f@nch@O@erh=\skip84
\f@nch@O@olh=\skip85
\f@nch@O@orh=\skip86
\f@nch@O@elf=\skip87
\f@nch@O@erf=\skip88
\f@nch@O@olf=\skip89
\f@nch@O@orf=\skip90
)
\tufteskipamount=\skip91

(c:/Users/christine.iyer/AppData/Roaming/TinyTeX/texmf-dist/tex/latex/tools/mul
ticol.sty
Package: multicol 2019/12/09 v1.8y multicolumn formatting (FMi)
\c@tracingmulticols=\count284
\mult@box=\box57
\multicol@leftmargin=\dimen168
\c@unbalance=\count285
\c@collectmore=\count286
\doublecol@number=\count287
\multicoltolerance=\count288
\multicolpretolerance=\count289
\full@width=\dimen169
\page@free=\dimen170
\premulticols=\dimen171
\postmulticols=\dimen172
\multicolsep=\skip92
\multicolbaselineskip=\skip93
\partial@page=\box58
\last@line=\box59
\maxbalancingoverflow=\dimen173
\mult@rightbox=\box60
\mult@grightbox=\box61
\mult@gfirstbox=\box62
\mult@firstbox=\box63
\@tempa=\box64
\@tempa=\box65
\@tempa=\box66
\@tempa=\box67
\@tempa=\box68
\@tempa=\box69
\@tempa=\box70
\@tempa=\box71
\@tempa=\box72
\@tempa=\box73
\@tempa=\box74
\@tempa=\box75
\@tempa=\box76
\@tempa=\box77
\@tempa=\box78
\@tempa=\box79
\@tempa=\box80
\@tempa=\box81
\@tempa=\box82
\@tempa=\box83
\@tempa=\box84
\@tempa=\box85
\@tempa=\box86
\@tempa=\box87
\@tempa=\box88
\@tempa=\box89
\@tempa=\box90
\@tempa=\box91
\@tempa=\box92
\@tempa=\box93
\@tempa=\box94
\@tempa=\box95
\@tempa=\box96
\@tempa=\box97
\@tempa=\box98
\@tempa=\box99
\@tempa=\box100
\c@minrows=\count290
\c@columnbadness=\count291
\c@finalcolumnbadness=\count292
\last@try=\dimen174
\multicolovershoot=\dimen175
\multicolundershoot=\dimen176
\mult@nat@firstbox=\box101
\colbreak@box=\box102
\mc@col@check@num=\count293
)))
(c:/Users/christine.iyer/AppData/Roaming/TinyTeX/texmf-dist/tex/latex/amsfonts/
amssymb.sty
Package: amssymb 2013/01/14 v3.01 AMS font symbols

(c:/Users/christine.iyer/AppData/Roaming/TinyTeX/texmf-dist/tex/latex/amsfonts/
amsfonts.sty
Package: amsfonts 2013/01/14 v3.01 Basic AMSFonts support
\@emptytoks=\toks27
\symAMSa=\mathgroup4
\symAMSb=\mathgroup5
LaTeX Font Info:    Redeclaring math symbol \hbar on input line 98.
LaTeX Font Info:    Overwriting math alphabet `\mathfrak' in version `bold'
(Font)                  U/euf/m/n --> U/euf/b/n on input line 106.
))
(c:/Users/christine.iyer/AppData/Roaming/TinyTeX/texmf-dist/tex/latex/amsmath/a
msmath.sty
Package: amsmath 2020/09/23 v2.17i AMS math features
\@mathmargin=\skip94
For additional information on amsmath, use the `?' option.

(c:/Users/christine.iyer/AppData/Roaming/TinyTeX/texmf-dist/tex/latex/amsmath/a
mstext.sty
Package: amstext 2000/06/29 v2.01 AMS text

(c:/Users/christine.iyer/AppData/Roaming/TinyTeX/texmf-dist/tex/latex/amsmath/a
msgen.sty
File: amsgen.sty 1999/11/30 v2.0 generic functions
\@emptytoks=\toks28
\ex@=\dimen177
))
(c:/Users/christine.iyer/AppData/Roaming/TinyTeX/texmf-dist/tex/latex/amsmath/a
msbsy.sty
Package: amsbsy 1999/11/29 v1.2d Bold Symbols
\pmbraise@=\dimen178
)
(c:/Users/christine.iyer/AppData/Roaming/TinyTeX/texmf-dist/tex/latex/amsmath/a
msopn.sty
Package: amsopn 2016/03/08 v2.02 operator names
)
\inf@bad=\count294
LaTeX Info: Redefining \frac on input line 234.
\uproot@=\count295
\leftroot@=\count296
LaTeX Info: Redefining \overline on input line 399.
\classnum@=\count297
\DOTSCASE@=\count298
LaTeX Info: Redefining \ldots on input line 496.
LaTeX Info: Redefining \dots on input line 499.
LaTeX Info: Redefining \cdots on input line 620.
\Mathstrutbox@=\box103
\strutbox@=\box104
\big@size=\dimen179
LaTeX Font Info:    Redeclaring font encoding OML on input line 743.
LaTeX Font Info:    Redeclaring font encoding OMS on input line 744.
\macc@depth=\count299
\c@MaxMatrixCols=\count300
\dotsspace@=\muskip17
\c@parentequation=\count301
\dspbrk@lvl=\count302
\tag@help=\toks29
\row@=\count303
\column@=\count304
\maxfields@=\count305
\andhelp@=\toks30
\eqnshift@=\dimen180
\alignsep@=\dimen181
\tagshift@=\dimen182
\tagwidth@=\dimen183
\totwidth@=\dimen184
\lineht@=\dimen185
\@envbody=\toks31
\multlinegap=\skip95
\multlinetaggap=\skip96
\mathdisplay@stack=\toks32
LaTeX Info: Redefining \[ on input line 2923.
LaTeX Info: Redefining \] on input line 2924.
)
(c:/Users/christine.iyer/AppData/Roaming/TinyTeX/texmf-dist/tex/latex/base/fixl
tx2e.sty
Package: fixltx2e 2016/12/29 v2.1a fixes to LaTeX (obsolete)
Applying: [2015/01/01] Old fixltx2e package on input line 46.

Package fixltx2e Warning: fixltx2e is not required with releases after 2015
(fixltx2e)                All fixes are now in the LaTeX kernel.
(fixltx2e)                See the latexrelease package for details.

Already applied: [0000/00/00] Old fixltx2e package on input line 53.
)
(c:/Users/christine.iyer/AppData/Roaming/TinyTeX/texmf-dist/tex/latex/booktabs/
booktabs.sty
Package: booktabs 2020/01/12 v1.61803398 Publication quality tables
\heavyrulewidth=\dimen186
\lightrulewidth=\dimen187
\cmidrulewidth=\dimen188
\belowrulesep=\dimen189
\belowbottomsep=\dimen190
\aboverulesep=\dimen191
\abovetopsep=\dimen192
\cmidrulesep=\dimen193
\cmidrulekern=\dimen194
\defaultaddspace=\dimen195
\@cmidla=\count306
\@cmidlb=\count307
\@aboverulesep=\dimen196
\@belowrulesep=\dimen197
\@thisruleclass=\count308
\@lastruleclass=\count309
\@thisrulewidth=\dimen198
)
(c:/Users/christine.iyer/AppData/Roaming/TinyTeX/texmf-dist/tex/latex/units/uni
ts.sty
Package: units 1998/08/04 v0.9b Typesetting units

(c:/Users/christine.iyer/AppData/Roaming/TinyTeX/texmf-dist/tex/latex/units/nic
efrac.sty
Package: nicefrac 1998/08/04 v0.9b Nice fractions
\L@UnitsRaiseDisplaystyle=\skip97
\L@UnitsRaiseTextstyle=\skip98
\L@UnitsRaiseScriptstyle=\skip99
))
(c:/Users/christine.iyer/AppData/Roaming/TinyTeX/texmf-dist/tex/generic/ulem/ul
em.sty
\UL@box=\box105
\UL@hyphenbox=\box106
\UL@skip=\skip100
\UL@hook=\toks33
\UL@height=\dimen199
\UL@pe=\count310
\UL@pixel=\dimen256
\ULC@box=\box107
Package: ulem 2019/11/18
\ULdepth=\dimen257
)
(c:/Users/christine.iyer/AppData/Roaming/TinyTeX/texmf-dist/tex/latex/morefloat
s/morefloats.sty
Package: morefloats 2015/07/22 v1.0h Raise limit of unprocessed floats (HMM)
Package morefloats Info: Maximum number of possible floats asked for: 36
(morefloats)             (i.e. 18 more floats).
(morefloats)             LaTeX might run out of memory before this
(morefloats)             (in which case it will notify you).
)
(c:/Users/christine.iyer/AppData/Roaming/TinyTeX/texmf-dist/tex/latex/tools/lon
gtable.sty
Package: longtable 2020/01/07 v4.13 Multi-page Table package (DPC)
\LTleft=\skip101
\LTright=\skip102
\LTpre=\skip103
\LTpost=\skip104
\LTchunksize=\count311
\LTcapwidth=\dimen258
\LT@head=\box108
\LT@firsthead=\box109
\LT@foot=\box110
\LT@lastfoot=\box111
\LT@cols=\count312
\LT@rows=\count313
\c@LT@tables=\count314
\c@LT@chunks=\count315
\LT@p@ftn=\toks34
)
(c:/Users/christine.iyer/AppData/Roaming/TinyTeX/texmf-dist/tex/latex/tools/arr
ay.sty
Package: array 2020/10/01 v2.5c Tabular extension package (FMi)
\col@sep=\dimen259
\ar@mcellbox=\box112
\extrarowheight=\dimen260
\NC@list=\toks35
\extratabsurround=\skip105
\backup@length=\skip106
\ar@cellbox=\box113
)
(c:/Users/christine.iyer/AppData/Roaming/TinyTeX/texmf-dist/tex/latex/multirow/
multirow.sty
Package: multirow 2019/05/31 v2.5 Span multiple rows of a table
\multirow@colwidth=\skip107
\multirow@cntb=\count316
\multirow@dima=\skip108
\bigstrutjot=\dimen261
)
(c:/Users/christine.iyer/AppData/Roaming/TinyTeX/texmf-dist/tex/latex/wrapfig/w
rapfig.sty
\wrapoverhang=\dimen262
\WF@size=\dimen263
\c@WF@wrappedlines=\count317
\WF@box=\box114
\WF@everypar=\toks36
Package: wrapfig 2003/01/31  v 3.6
)
(c:/Users/christine.iyer/AppData/Roaming/TinyTeX/texmf-dist/tex/latex/float/flo
at.sty
Package: float 2001/11/08 v1.3d Float enhancements (AL)
\c@float@type=\count318
\float@exts=\toks37
\float@box=\box115
\@float@everytoks=\toks38
\@floatcapt=\box116
)
(c:/Users/christine.iyer/AppData/Roaming/TinyTeX/texmf-dist/tex/latex/colortbl/
colortbl.sty
Package: colortbl 2020/01/04 v1.0e Color table columns (DPC)
\everycr=\toks39
\minrowclearance=\skip109
)
(c:/Users/christine.iyer/AppData/Roaming/TinyTeX/texmf-dist/tex/latex/pdflscape
/pdflscape.sty
Package: pdflscape 2019/12/05 v0.12 Display of landscape pages in PDF (HO)

(c:/Users/christine.iyer/AppData/Roaming/TinyTeX/texmf-dist/tex/latex/graphics/
lscape.sty
Package: lscape 2020/05/28 v3.02 Landscape Pages (DPC)
)
Package pdflscape Info: Auto-detected driver: dvipdfm (xetex) on input line 98.

)
(c:/Users/christine.iyer/AppData/Roaming/TinyTeX/texmf-dist/tex/latex/tabu/tabu
.sty
Package: tabu 2019/01/11 v2.9 - flexible LaTeX tabulars (FC+tabu-fixed)

(c:/Users/christine.iyer/AppData/Roaming/TinyTeX/texmf-dist/tex/latex/varwidth/
varwidth.sty
Package: varwidth 2009/03/30 ver 0.92;  Variable-width minipages
\@vwid@box=\box117
\sift@deathcycles=\count319
\@vwid@loff=\dimen264
\@vwid@roff=\dimen265
)
\c@taburow=\count320
\tabu@nbcols=\count321
\tabu@cnt=\count322
\tabu@Xcol=\count323
\tabu@alloc=\count324
\tabu@nested=\count325
\tabu@target=\dimen266
\tabu@spreadtarget=\dimen267
\tabu@naturalX=\dimen268
\tabucolX=\dimen269
\tabu@Xsum=\dimen270
\extrarowdepth=\dimen271
\abovetabulinesep=\dimen272
\belowtabulinesep=\dimen273
\tabustrutrule=\dimen274
\tabu@thebody=\toks40
\tabu@footnotes=\toks41
\tabu@box=\box118
\tabu@arstrutbox=\box119
\tabu@hleads=\box120
\tabu@vleads=\box121
\tabu@cellskip=\skip110
)
(c:/Users/christine.iyer/AppData/Roaming/TinyTeX/texmf-dist/tex/latex/threepart
table/threeparttable.sty
Package: threeparttable 2003/06/13  v 3.0
\@tempboxb=\box122
)
(c:/Users/christine.iyer/AppData/Roaming/TinyTeX/texmf-dist/tex/latex/threepart
tablex/threeparttablex.sty
Package: threeparttablex 2013/07/23 v0.3 by daleif

(c:/Users/christine.iyer/AppData/Roaming/TinyTeX/texmf-dist/tex/latex/environ/e
nviron.sty
Package: environ 2014/05/04 v0.3 A new way to define environments

(c:/Users/christine.iyer/AppData/Roaming/TinyTeX/texmf-dist/tex/latex/trimspace
s/trimspaces.sty
Package: trimspaces 2009/09/17 v1.1 Trim spaces around a token list
))
\TPTL@width=\skip111
)
(c:/Users/christine.iyer/AppData/Roaming/TinyTeX/texmf-dist/tex/latex/makecell/
makecell.sty
Package: makecell 2009/08/03 V0.1e Managing of Tab Column Heads and Cells
\rotheadsize=\dimen275
\c@nlinenum=\count326
\TeXr@lab=\toks42
) (./FY20_Online_Application_Flow_Census10-15-2020.aux)
\openout1 = `FY20_Online_Application_Flow_Census10-15-2020.aux'.

LaTeX Font Info:    Checking defaults for OML/cmm/m/it on input line 84.
LaTeX Font Info:    ... okay on input line 84.
LaTeX Font Info:    Checking defaults for OMS/cmsy/m/n on input line 84.
LaTeX Font Info:    ... okay on input line 84.
LaTeX Font Info:    Checking defaults for OT1/cmr/m/n on input line 84.
LaTeX Font Info:    ... okay on input line 84.
LaTeX Font Info:    Checking defaults for T1/cmr/m/n on input line 84.
LaTeX Font Info:    ... okay on input line 84.
LaTeX Font Info:    Checking defaults for TS1/cmr/m/n on input line 84.
LaTeX Font Info:    Trying to load font information for TS1+cmr on input line 8
4.

(c:/Users/christine.iyer/AppData/Roaming/TinyTeX/texmf-dist/tex/latex/base/ts1c
mr.fd
File: ts1cmr.fd 2019/12/16 v2.5j Standard LaTeX font definitions
)
LaTeX Font Info:    ... okay on input line 84.
LaTeX Font Info:    Checking defaults for TU/lmr/m/n on input line 84.
LaTeX Font Info:    ... okay on input line 84.
LaTeX Font Info:    Checking defaults for OMX/cmex/m/n on input line 84.
LaTeX Font Info:    ... okay on input line 84.
LaTeX Font Info:    Checking defaults for U/cmr/m/n on input line 84.
LaTeX Font Info:    ... okay on input line 84.
LaTeX Font Info:    Checking defaults for PD1/pdf/m/n on input line 84.
LaTeX Font Info:    ... okay on input line 84.
LaTeX Font Info:    Checking defaults for PU/pdf/m/n on input line 84.
LaTeX Font Info:    ... okay on input line 84.

Package fontspec Info: Adjusting the maths setup (use [no-math] to avoid
(fontspec)             this).

\symlegacymaths=\mathgroup6
LaTeX Font Info:    Overwriting symbol font `legacymaths' in version `bold'
(Font)                  OT1/cmr/m/n --> OT1/cmr/bx/n on input line 84.
LaTeX Font Info:    Redeclaring math accent \acute on input line 84.
LaTeX Font Info:    Redeclaring math accent \grave on input line 84.
LaTeX Font Info:    Redeclaring math accent \ddot on input line 84.
LaTeX Font Info:    Redeclaring math accent \tilde on input line 84.
LaTeX Font Info:    Redeclaring math accent \bar on input line 84.
LaTeX Font Info:    Redeclaring math accent \breve on input line 84.
LaTeX Font Info:    Redeclaring math accent \check on input line 84.
LaTeX Font Info:    Redeclaring math accent \hat on input line 84.
LaTeX Font Info:    Redeclaring math accent \dot on input line 84.
LaTeX Font Info:    Redeclaring math accent \mathring on input line 84.
LaTeX Font Info:    Redeclaring math symbol \Gamma on input line 84.
LaTeX Font Info:    Redeclaring math symbol \Delta on input line 84.
LaTeX Font Info:    Redeclaring math symbol \Theta on input line 84.
LaTeX Font Info:    Redeclaring math symbol \Lambda on input line 84.
LaTeX Font Info:    Redeclaring math symbol \Xi on input line 84.
LaTeX Font Info:    Redeclaring math symbol \Pi on input line 84.
LaTeX Font Info:    Redeclaring math symbol \Sigma on input line 84.
LaTeX Font Info:    Redeclaring math symbol \Upsilon on input line 84.
LaTeX Font Info:    Redeclaring math symbol \Phi on input line 84.
LaTeX Font Info:    Redeclaring math symbol \Psi on input line 84.
LaTeX Font Info:    Redeclaring math symbol \Omega on input line 84.
LaTeX Font Info:    Redeclaring math symbol \mathdollar on input line 84.
LaTeX Font Info:    Redeclaring symbol font `operators' on input line 84.
LaTeX Font Info:    Encoding `OT1' has changed to `TU' for symbol font
(Font)              `operators' in the math version `normal' on input line 84.
LaTeX Font Info:    Overwriting symbol font `operators' in version `normal'
(Font)                  OT1/cmr/m/n --> TU/lmr/m/n on input line 84.
LaTeX Font Info:    Encoding `OT1' has changed to `TU' for symbol font
(Font)              `operators' in the math version `bold' on input line 84.
LaTeX Font Info:    Overwriting symbol font `operators' in version `bold'
(Font)                  OT1/cmr/bx/n --> TU/lmr/m/n on input line 84.
LaTeX Font Info:    Overwriting symbol font `operators' in version `normal'
(Font)                  TU/lmr/m/n --> TU/lmr/m/n on input line 84.
LaTeX Font Info:    Overwriting math alphabet `\mathit' in version `normal'
(Font)                  OT1/cmr/m/it --> TU/lmr/m/it on input line 84.
LaTeX Font Info:    Overwriting math alphabet `\mathbf' in version `normal'
(Font)                  OT1/cmr/bx/n --> TU/lmr/b/n on input line 84.
LaTeX Font Info:    Overwriting math alphabet `\mathsf' in version `normal'
(Font)                  OT1/cmss/m/n --> TU/lmss/m/n on input line 84.
LaTeX Font Info:    Overwriting math alphabet `\mathtt' in version `normal'
(Font)                  OT1/cmtt/m/n --> TU/lmtt/m/n on input line 84.
LaTeX Font Info:    Overwriting symbol font `operators' in version `bold'
(Font)                  TU/lmr/m/n --> TU/lmr/b/n on input line 84.
LaTeX Font Info:    Overwriting math alphabet `\mathit' in version `bold'
(Font)                  OT1/cmr/bx/it --> TU/lmr/b/it on input line 84.
LaTeX Font Info:    Overwriting math alphabet `\mathsf' in version `bold'
(Font)                  OT1/cmss/bx/n --> TU/lmss/b/n on input line 84.
LaTeX Font Info:    Overwriting math alphabet `\mathtt' in version `bold'
(Font)                  OT1/cmtt/m/n --> TU/lmtt/b/n on input line 84.
Package hyperref Info: Link coloring OFF on input line 84.

(c:/Users/christine.iyer/AppData/Roaming/TinyTeX/texmf-dist/tex/latex/hyperref/
nameref.sty
Package: nameref 2019/09/16 v2.46 Cross-referencing by name of section

(c:/Users/christine.iyer/AppData/Roaming/TinyTeX/texmf-dist/tex/latex/refcount/
refcount.sty
Package: refcount 2019/12/15 v3.6 Data extraction from label references (HO)
)
(c:/Users/christine.iyer/AppData/Roaming/TinyTeX/texmf-dist/tex/generic/gettitl
estring/gettitlestring.sty
Package: gettitlestring 2019/12/15 v1.6 Cleanup title references (HO)
)
\c@section@level=\count327
)
LaTeX Info: Redefining \ref on input line 84.
LaTeX Info: Redefining \pageref on input line 84.
LaTeX Info: Redefining \nameref on input line 84.
(./FY20_Online_Application_Flow_Census10-15-2020.out) (./FY20_Online_Applicatio
n_Flow_Census10-15-2020.out)
\@outlinefile=\write3
\openout3 = `FY20_Online_Application_Flow_Census10-15-2020.out'.

ABD: EverySelectfont initializing macros
LaTeX Info: Redefining \selectfont on input line 84.
*geometry* driver: auto-detecting
*geometry* detected driver: xetex
*geometry* verbose mode - [ preamble ] result:
* driver: xetex
* paper: letterpaper
* layout: <same size as paper>
* layoutoffset:(h,v)=(0.0pt,0.0pt)
* modes: twoside asymmetric 
* h-part:(L,W,R)=(72.26999pt, 312.0pt, 230.02501pt)
* v-part:(T,H,B)=(72.26999pt, 616.0pt, 106.7pt)
* \paperwidth=614.295pt
* \paperheight=794.96999pt
* \textwidth=312.0pt
* \textheight=616.0pt
* \oddsidemargin=0.0pt
* \evensidemargin=0.0pt
* \topmargin=-42.0pt
* \headheight=14.0pt
* \headsep=28.0pt
* \topskip=10.0pt
* \footskip=30.0pt
* \marginparwidth=144.0pt
* \marginparsep=24.0pt
* \columnsep=10.0pt
* \skip\footins=9.0pt plus 4.0pt minus 2.0pt
* \hoffset=0.0pt
* \voffset=0.0pt
* \mag=1000
* \@twocolumnfalse
* \@twosidetrue
* \@mparswitchfalse
* \@reversemarginfalse
* (1in=72.27pt=25.4mm, 1cm=28.453pt)

\langwohyphens=\language86
File: FY20_Online_Application_Flow_Census10-15-2020_files/figure-latex/one-1.pd
f Graphic file (type pdf)
<use FY20_Online_Application_Flow_Census10-15-2020_files/figure-latex/one-1.pdf
>
File: FY20_Online_Application_Flow_Census10-15-2020_files/figure-latex/two-1.pd
f Graphic file (type pdf)
<use FY20_Online_Application_Flow_Census10-15-2020_files/figure-latex/two-1.pdf
>
[1

]
File: FY20_Online_Application_Flow_Census10-15-2020_files/figure-latex/three-1.
pdf Graphic file (type pdf)
<use FY20_Online_Application_Flow_Census10-15-2020_files/figure-latex/three-1.p
df>
LaTeX Font Info:    Trying to load font information for U+msa on input line 136
.

(c:/Users/christine.iyer/AppData/Roaming/TinyTeX/texmf-dist/tex/latex/amsfonts/
umsa.fd
File: umsa.fd 2013/01/14 v3.01 AMS symbols A
)
LaTeX Font Info:    Trying to load font information for U+msb on input line 136
.

(c:/Users/christine.iyer/AppData/Roaming/TinyTeX/texmf-dist/tex/latex/amsfonts/
umsb.fd
File: umsb.fd 2013/01/14 v3.01 AMS symbols B
)
Missing character: There is no 有 in font [lmroman8-regular]:mapping=tex-text;!
No file FY20_Online_Application_Flow_Census10-15-2020.bbl.

Package fontspec Warning: \addfontfeature(s) ignored on line 177; it cannot be
(fontspec)                used with a font that wasn't selected by a fontspec
(fontspec)                command.
(fontspec)                 
(fontspec)                 The current font is "\TU/lmr/m/n/10 ".
(fontspec)                  The requested feature is "LetterSpace=10". 

[2] (./FY20_Online_Application_Flow_Census10-15-2020.aux)
Package rerunfilecheck Info: File `FY20_Online_Application_Flow_Census10-15-202
0.out' has not changed.
(rerunfilecheck)             Checksum: 3AE2A92F89A38B2FEA358CAED50AFF02;390.
 ) 
Here is how much of TeX's memory you used:
 16669 strings out of 477401
 301082 string characters out of 5824489
 676762 words of memory out of 5000000
 35838 multiletter control sequences out of 15000+600000
 540754 words of font info for 63 fonts, out of 8000000 for 9000
 1348 hyphenation exceptions out of 8191
 112i,12n,114p,322b,331s stack positions out of 5000i,500n,10000p,200000b,80000s

Output written on FY20_Online_Application_Flow_Census10-15-2020.pdf (2 pages).
